# JRE version: OpenJDK Runtime Environment (8.0_242) (build 1.8.0_242-release-1644-b3-6222593)
# Java VM: OpenJDK 64-Bit Server VM (25.242-b3-6222593 mixed mode linux-amd64 compressed oops)
Heap:
 PSYoungGen      total 417792K, used 416796K [0x00000000d5580000, 0x00000000f2680000, 0x0000000100000000)
  eden space 389632K, 99% used [0x00000000d5580000,0x00000000ed108c50,0x00000000ed200000)
  from space 28160K, 99% used [0x00000000ed200000,0x00000000eed7e480,0x00000000eed80000)
  to   space 32256K, 99% used [0x00000000f0700000,0x00000000f267f0d0,0x00000000f2680000)
 ParOldGen       total 262144K, used 42248K [0x0000000080000000, 0x0000000090000000, 0x00000000d5580000)
  object space 262144K, 16% used [0x0000000080000000,0x0000000082942330,0x0000000090000000)
 Metaspace       used 89607K, capacity 93964K, committed 94232K, reserved 1130496K
  class space    used 11824K, capacity 12592K, committed 12592K, reserved 1048576K
GC Heap History (10 events):
Event: 2,316 GC heap after
Heap after GC invocations=8 (full 2):
 PSYoungGen      total 300032K, used 15342K [0x00000000d5580000, 0x00000000edc00000, 0x0000000100000000)
  eden space 284672K, 0% used [0x00000000d5580000,0x00000000d5580000,0x00000000e6b80000)
  from space 15360K, 99% used [0x00000000e7e00000,0x00000000e8cfb938,0x00000000e8d00000)
  to   space 18944K, 0% used [0x00000000e6b80000,0x00000000e6b80000,0x00000000e7e00000)
 ParOldGen       total 174592K, used 18952K [0x0000000080000000, 0x000000008aa80000, 0x00000000d5580000)
  object space 174592K, 10% used [0x0000000080000000,0x0000000081282270,0x000000008aa80000)
 Metaspace       used 46219K, capacity 48110K, committed 48424K, reserved 1091584K
  class space    used 6263K, capacity 6641K, committed 6704K, reserved 1048576K
}
Event: 2,923 GC heap before
{Heap before GC invocations=9 (full 2):
 PSYoungGen      total 300032K, used 155299K [0x00000000d5580000, 0x00000000edc00000, 0x0000000100000000)
  eden space 284672K, 49% used [0x00000000d5580000,0x00000000dde2d6b0,0x00000000e6b80000)
  from space 15360K, 99% used [0x00000000e7e00000,0x00000000e8cfb938,0x00000000e8d00000)
  to   space 18944K, 0% used [0x00000000e6b80000,0x00000000e6b80000,0x00000000e7e00000)
 ParOldGen       total 174592K, used 18952K [0x0000000080000000, 0x000000008aa80000, 0x00000000d5580000)
  object space 174592K, 10% used [0x0000000080000000,0x0000000081282270,0x000000008aa80000)
 Metaspace       used 56825K, capacity 59116K, committed 59160K, reserved 1099776K
  class space    used 7718K, capacity 8233K, committed 8240K, reserved 1048576K
Event: 2,935 GC heap after
Heap after GC invocations=9 (full 2):
 PSYoungGen      total 303616K, used 18912K [0x00000000d5580000, 0x00000000f0980000, 0x0000000100000000)
  eden space 284672K, 0% used [0x00000000d5580000,0x00000000d5580000,0x00000000e6b80000)
  from space 18944K, 99% used [0x00000000e6b80000,0x00000000e7df82c8,0x00000000e7e00000)
  to   space 25088K, 0% used [0x00000000ef100000,0x00000000ef100000,0x00000000f0980000)
 ParOldGen       total 174592K, used 25477K [0x0000000080000000, 0x000000008aa80000, 0x00000000d5580000)
  object space 174592K, 14% used [0x0000000080000000,0x00000000818e1740,0x000000008aa80000)
 Metaspace       used 56825K, capacity 59116K, committed 59160K, reserved 1099776K
  class space    used 7718K, capacity 8233K, committed 8240K, reserved 1048576K
}
Event: 2,935 GC heap before
{Heap before GC invocations=10 (full 3):
 PSYoungGen      total 303616K, used 18912K [0x00000000d5580000, 0x00000000f0980000, 0x0000000100000000)
  eden space 284672K, 0% used [0x00000000d5580000,0x00000000d5580000,0x00000000e6b80000)
  from space 18944K, 99% used [0x00000000e6b80000,0x00000000e7df82c8,0x00000000e7e00000)
  to   space 25088K, 0% used [0x00000000ef100000,0x00000000ef100000,0x00000000f0980000)
 ParOldGen       total 174592K, used 25477K [0x0000000080000000, 0x000000008aa80000, 0x00000000d5580000)
  object space 174592K, 14% used [0x0000000080000000,0x00000000818e1740,0x000000008aa80000)
 Metaspace       used 56825K, capacity 59116K, committed 59160K, reserved 1099776K
  class space    used 7718K, capacity 8233K, committed 8240K, reserved 1048576K
Event: 3,054 GC heap after
Heap after GC invocations=10 (full 3):
 PSYoungGen      total 303616K, used 0K [0x00000000d5580000, 0x00000000f0980000, 0x0000000100000000)
  eden space 284672K, 0% used [0x00000000d5580000,0x00000000d5580000,0x00000000e6b80000)
  from space 18944K, 0% used [0x00000000e6b80000,0x00000000e6b80000,0x00000000e7e00000)
  to   space 25088K, 0% used [0x00000000ef100000,0x00000000ef100000,0x00000000f0980000)
 ParOldGen       total 262144K, used 37567K [0x0000000080000000, 0x0000000090000000, 0x00000000d5580000)
  object space 262144K, 14% used [0x0000000080000000,0x00000000824afdc0,0x0000000090000000)
 Metaspace       used 56776K, capacity 58954K, committed 59160K, reserved 1099776K
  class space    used 7703K, capacity 8206K, committed 8240K, reserved 1048576K
}
Event: 4,112 GC heap before
{Heap before GC invocations=11 (full 3):
 PSYoungGen      total 303616K, used 284672K [0x00000000d5580000, 0x00000000f0980000, 0x0000000100000000)
  eden space 284672K, 100% used [0x00000000d5580000,0x00000000e6b80000,0x00000000e6b80000)
  from space 18944K, 0% used [0x00000000e6b80000,0x00000000e6b80000,0x00000000e7e00000)
  to   space 25088K, 0% used [0x00000000ef100000,0x00000000ef100000,0x00000000f0980000)
 ParOldGen       total 262144K, used 37567K [0x0000000080000000, 0x0000000090000000, 0x00000000d5580000)
  object space 262144K, 14% used [0x0000000080000000,0x00000000824afdc0,0x0000000090000000)
 Metaspace       used 68152K, capacity 71606K, committed 71832K, reserved 1112064K
  class space    used 9388K, capacity 10058K, committed 10160K, reserved 1048576K
Event: 4,121 GC heap after
Heap after GC invocations=11 (full 3):
 PSYoungGen      total 387584K, used 24278K [0x00000000d5580000, 0x00000000f0900000, 0x0000000100000000)
  eden space 363008K, 0% used [0x00000000d5580000,0x00000000d5580000,0x00000000eb800000)
  from space 24576K, 98% used [0x00000000ef100000,0x00000000f08b58a0,0x00000000f0900000)
  to   space 28160K, 0% used [0x00000000ed200000,0x00000000ed200000,0x00000000eed80000)
 ParOldGen       total 262144K, used 37575K [0x0000000080000000, 0x0000000090000000, 0x00000000d5580000)
  object space 262144K, 14% used [0x0000000080000000,0x00000000824b1dc0,0x0000000090000000)
 Metaspace       used 68152K, capacity 71606K, committed 71832K, reserved 1112064K
  class space    used 9388K, capacity 10058K, committed 10160K, reserved 1048576K
}
Event: 572,518 GC heap before
{Heap before GC invocations=12 (full 3):
 PSYoungGen      total 387584K, used 387286K [0x00000000d5580000, 0x00000000f0900000, 0x0000000100000000)
  eden space 363008K, 100% used [0x00000000d5580000,0x00000000eb800000,0x00000000eb800000)
  from space 24576K, 98% used [0x00000000ef100000,0x00000000f08b58a0,0x00000000f0900000)
  to   space 28160K, 0% used [0x00000000ed200000,0x00000000ed200000,0x00000000eed80000)
 ParOldGen       total 262144K, used 37575K [0x0000000080000000, 0x0000000090000000, 0x00000000d5580000)
  object space 262144K, 14% used [0x0000000080000000,0x00000000824b1dc0,0x0000000090000000)
 Metaspace       used 75366K, capacity 79110K, committed 79384K, reserved 1118208K
  class space    used 10027K, capacity 10676K, committed 10800K, reserved 1048576K
Event: 572,531 GC heap after
Heap after GC invocations=12 (full 3):
 PSYoungGen      total 417792K, used 28153K [0x00000000d5580000, 0x00000000f2680000, 0x0000000100000000)
  eden space 389632K, 0% used [0x00000000d5580000,0x00000000d5580000,0x00000000ed200000)
  from space 28160K, 99% used [0x00000000ed200000,0x00000000eed7e480,0x00000000eed80000)
  to   space 32256K, 0% used [0x00000000f0700000,0x00000000f0700000,0x00000000f2680000)
 ParOldGen       total 262144K, used 37583K [0x0000000080000000, 0x0000000090000000, 0x00000000d5580000)
  object space 262144K, 14% used [0x0000000080000000,0x00000000824b3dc0,0x0000000090000000)
 Metaspace       used 75366K, capacity 79110K, committed 79384K, reserved 1118208K
  class space    used 10027K, capacity 10676K, committed 10800K, reserved 1048576K
}
Event: 577,923 GC heap before
{Heap before GC invocations=13 (full 3):
 PSYoungGen      total 417792K, used 416796K [0x00000000d5580000, 0x00000000f2680000, 0x0000000100000000)
  eden space 389632K, 99% used [0x00000000d5580000,0x00000000ed108c50,0x00000000ed200000)
  from space 28160K, 99% used [0x00000000ed200000,0x00000000eed7e480,0x00000000eed80000)
  to   space 32256K, 0% used [0x00000000f0700000,0x00000000f0700000,0x00000000f2680000)
 ParOldGen       total 262144K, used 37583K [0x0000000080000000, 0x0000000090000000, 0x00000000d5580000)
  object space 262144K, 14% used [0x0000000080000000,0x00000000824b3dc0,0x0000000090000000)
 Metaspace       used 89607K, capacity 93964K, committed 94232K, reserved 1130496K
  class space    used 11824K, capacity 12592K, committed 12592K, reserved 1048576K

