# JRE version: OpenJDK Runtime Environment (8.0_242) (build 1.8.0_242-release-1644-b3-6222593)
# Java VM: OpenJDK 64-Bit Server VM (25.242-b3-6222593 mixed mode linux-amd64 compressed oops)
Heap:
 PSYoungGen      total 400384K, used 393180K [0x00000000d5580000, 0x00000000f9880000, 0x0000000100000000)
  eden space 266240K, 99% used [0x00000000d5580000,0x00000000e597f798,0x00000000e5980000)
  from space 134144K, 94% used [0x00000000ef080000,0x00000000f6c779e8,0x00000000f7380000)
  to   space 154624K, 70% used [0x00000000e5980000,0x00000000ec3a0498,0x00000000ef080000)
 ParOldGen       total 360448K, used 206294K [0x0000000080000000, 0x0000000096000000, 0x00000000d5580000)
  object space 360448K, 57% used [0x0000000080000000,0x000000008c975838,0x0000000096000000)
 Metaspace       used 128876K, capacity 138928K, committed 140312K, reserved 1171456K
  class space    used 16080K, capacity 17802K, committed 18224K, reserved 1048576K
GC Heap History (10 events):
Event: 22590,305 GC heap after
Heap after GC invocations=158 (full 10):
 PSYoungGen      total 303616K, used 49658K [0x00000000d5580000, 0x00000000ef800000, 0x0000000100000000)
  eden space 253952K, 0% used [0x00000000d5580000,0x00000000d5580000,0x00000000e4d80000)
  from space 49664K, 99% used [0x00000000e9380000,0x00000000ec3fe880,0x00000000ec400000)
  to   space 71680K, 0% used [0x00000000e4d80000,0x00000000e4d80000,0x00000000e9380000)
 ParOldGen       total 360448K, used 137306K [0x0000000080000000, 0x0000000096000000, 0x00000000d5580000)
  object space 360448K, 38% used [0x0000000080000000,0x0000000088616ac0,0x0000000096000000)
 Metaspace       used 128722K, capacity 138802K, committed 140312K, reserved 1171456K
  class space    used 16075K, capacity 17793K, committed 18224K, reserved 1048576K
}
Event: 22649,832 GC heap before
{Heap before GC invocations=159 (full 10):
 PSYoungGen      total 303616K, used 303610K [0x00000000d5580000, 0x00000000ef800000, 0x0000000100000000)
  eden space 253952K, 100% used [0x00000000d5580000,0x00000000e4d80000,0x00000000e4d80000)
  from space 49664K, 99% used [0x00000000e9380000,0x00000000ec3fe880,0x00000000ec400000)
  to   space 71680K, 0% used [0x00000000e4d80000,0x00000000e4d80000,0x00000000e9380000)
 ParOldGen       total 360448K, used 137306K [0x0000000080000000, 0x0000000096000000, 0x00000000d5580000)
  object space 360448K, 38% used [0x0000000080000000,0x0000000088616ac0,0x0000000096000000)
 Metaspace       used 128781K, capacity 138884K, committed 140312K, reserved 1171456K
  class space    used 16077K, capacity 17796K, committed 18224K, reserved 1048576K
Event: 22649,850 GC heap after
Heap after GC invocations=159 (full 10):
 PSYoungGen      total 325632K, used 55499K [0x00000000d5580000, 0x00000000efd80000, 0x0000000100000000)
  eden space 253952K, 0% used [0x00000000d5580000,0x00000000d5580000,0x00000000e4d80000)
  from space 71680K, 77% used [0x00000000e4d80000,0x00000000e83b2fd0,0x00000000e9380000)
  to   space 77824K, 0% used [0x00000000eb180000,0x00000000eb180000,0x00000000efd80000)
 ParOldGen       total 360448K, used 137306K [0x0000000080000000, 0x0000000096000000, 0x00000000d5580000)
  object space 360448K, 38% used [0x0000000080000000,0x0000000088616ac0,0x0000000096000000)
 Metaspace       used 128781K, capacity 138884K, committed 140312K, reserved 1171456K
  class space    used 16077K, capacity 17796K, committed 18224K, reserved 1048576K
}
Event: 22650,098 GC heap before
{Heap before GC invocations=160 (full 10):
 PSYoungGen      total 325632K, used 309451K [0x00000000d5580000, 0x00000000efd80000, 0x0000000100000000)
  eden space 253952K, 100% used [0x00000000d5580000,0x00000000e4d80000,0x00000000e4d80000)
  from space 71680K, 77% used [0x00000000e4d80000,0x00000000e83b2fd0,0x00000000e9380000)
  to   space 77824K, 0% used [0x00000000eb180000,0x00000000eb180000,0x00000000efd80000)
 ParOldGen       total 360448K, used 137306K [0x0000000080000000, 0x0000000096000000, 0x00000000d5580000)
  object space 360448K, 38% used [0x0000000080000000,0x0000000088616ac0,0x0000000096000000)
 Metaspace       used 128804K, capacity 138898K, committed 140312K, reserved 1171456K
  class space    used 16077K, capacity 17797K, committed 18224K, reserved 1048576K
Event: 22650,139 GC heap after
Heap after GC invocations=160 (full 10):
 PSYoungGen      total 328704K, used 77814K [0x00000000d5580000, 0x00000000f3d00000, 0x0000000100000000)
  eden space 250880K, 0% used [0x00000000d5580000,0x00000000d5580000,0x00000000e4a80000)
  from space 77824K, 99% used [0x00000000eb180000,0x00000000efd7dba0,0x00000000efd80000)
  to   space 105472K, 0% used [0x00000000e4a80000,0x00000000e4a80000,0x00000000eb180000)
 ParOldGen       total 360448K, used 176400K [0x0000000080000000, 0x0000000096000000, 0x00000000d5580000)
  object space 360448K, 48% used [0x0000000080000000,0x000000008ac441c0,0x0000000096000000)
 Metaspace       used 128804K, capacity 138898K, committed 140312K, reserved 1171456K
  class space    used 16077K, capacity 17797K, committed 18224K, reserved 1048576K
}
Event: 22650,597 GC heap before
{Heap before GC invocations=161 (full 10):
 PSYoungGen      total 328704K, used 328694K [0x00000000d5580000, 0x00000000f3d00000, 0x0000000100000000)
  eden space 250880K, 100% used [0x00000000d5580000,0x00000000e4a80000,0x00000000e4a80000)
  from space 77824K, 99% used [0x00000000eb180000,0x00000000efd7dba0,0x00000000efd80000)
  to   space 105472K, 0% used [0x00000000e4a80000,0x00000000e4a80000,0x00000000eb180000)
 ParOldGen       total 360448K, used 176400K [0x0000000080000000, 0x0000000096000000, 0x00000000d5580000)
  object space 360448K, 48% used [0x0000000080000000,0x000000008ac441c0,0x0000000096000000)
 Metaspace       used 128838K, capacity 138898K, committed 140312K, reserved 1171456K
  class space    used 16077K, capacity 17797K, committed 18224K, reserved 1048576K
Event: 22650,652 GC heap after
Heap after GC invocations=161 (full 10):
 PSYoungGen      total 356352K, used 105449K [0x00000000d5580000, 0x00000000f7380000, 0x0000000100000000)
  eden space 250880K, 0% used [0x00000000d5580000,0x00000000d5580000,0x00000000e4a80000)
  from space 105472K, 99% used [0x00000000e4a80000,0x00000000eb17a410,0x00000000eb180000)
  to   space 134144K, 0% used [0x00000000ef080000,0x00000000ef080000,0x00000000f7380000)
 ParOldGen       total 360448K, used 206182K [0x0000000080000000, 0x0000000096000000, 0x00000000d5580000)
  object space 360448K, 57% used [0x0000000080000000,0x000000008c959838,0x0000000096000000)
 Metaspace       used 128838K, capacity 138898K, committed 140312K, reserved 1171456K
  class space    used 16077K, capacity 17797K, committed 18224K, reserved 1048576K
}
Event: 22685,653 GC heap before
{Heap before GC invocations=162 (full 10):
 PSYoungGen      total 356352K, used 356329K [0x00000000d5580000, 0x00000000f7380000, 0x0000000100000000)
  eden space 250880K, 100% used [0x00000000d5580000,0x00000000e4a80000,0x00000000e4a80000)
  from space 105472K, 99% used [0x00000000e4a80000,0x00000000eb17a410,0x00000000eb180000)
  to   space 134144K, 0% used [0x00000000ef080000,0x00000000ef080000,0x00000000f7380000)
 ParOldGen       total 360448K, used 206182K [0x0000000080000000, 0x0000000096000000, 0x00000000d5580000)
  object space 360448K, 57% used [0x0000000080000000,0x000000008c959838,0x0000000096000000)
 Metaspace       used 128860K, capacity 138916K, committed 140312K, reserved 1171456K
  class space    used 16079K, capacity 17800K, committed 18224K, reserved 1048576K
Event: 22685,697 GC heap after
Heap after GC invocations=162 (full 10):
 PSYoungGen      total 400384K, used 126942K [0x00000000d5580000, 0x00000000f9880000, 0x0000000100000000)
  eden space 266240K, 0% used [0x00000000d5580000,0x00000000d5580000,0x00000000e5980000)
  from space 134144K, 94% used [0x00000000ef080000,0x00000000f6c779e8,0x00000000f7380000)
  to   space 154624K, 0% used [0x00000000e5980000,0x00000000e5980000,0x00000000ef080000)
 ParOldGen       total 360448K, used 206246K [0x0000000080000000, 0x0000000096000000, 0x00000000d5580000)
  object space 360448K, 57% used [0x0000000080000000,0x000000008c969838,0x0000000096000000)
 Metaspace       used 128860K, capacity 138916K, committed 140312K, reserved 1171456K
  class space    used 16079K, capacity 17800K, committed 18224K, reserved 1048576K
}
Event: 22686,550 GC heap before
{Heap before GC invocations=163 (full 10):
 PSYoungGen      total 400384K, used 393180K [0x00000000d5580000, 0x00000000f9880000, 0x0000000100000000)
  eden space 266240K, 99% used [0x00000000d5580000,0x00000000e597f798,0x00000000e5980000)
  from space 134144K, 94% used [0x00000000ef080000,0x00000000f6c779e8,0x00000000f7380000)
  to   space 154624K, 0% used [0x00000000e5980000,0x00000000e5980000,0x00000000ef080000)
 ParOldGen       total 360448K, used 206246K [0x0000000080000000, 0x0000000096000000, 0x00000000d5580000)
  object space 360448K, 57% used [0x0000000080000000,0x000000008c969838,0x0000000096000000)
 Metaspace       used 128876K, capacity 138928K, committed 140312K, reserved 1171456K
  class space    used 16080K, capacity 17802K, committed 18224K, reserved 1048576K

