# JRE version: OpenJDK Runtime Environment (8.0_242) (build 1.8.0_242-release-1644-b3-6222593)
# Java VM: OpenJDK 64-Bit Server VM (25.242-b3-6222593 mixed mode linux-amd64 compressed oops)
Heap:
 PSYoungGen      total 515072K, used 112115K [0x00000000d5580000, 0x0000000100000000, 0x0000000100000000)
  eden space 402944K, 0% used [0x00000000d5580000,0x00000000d5580000,0x00000000edf00000)
  from space 112128K, 99% used [0x00000000f9280000,0x00000000ffffcdf8,0x0000000100000000)
  to   space 147968K, 0% used [0x00000000edf00000,0x00000000edf00000,0x00000000f6f80000)
 ParOldGen       total 296448K, used 286649K [0x0000000080000000, 0x0000000092180000, 0x00000000d5580000)
  object space 296448K, 96% used [0x0000000080000000,0x00000000917ee790,0x0000000092180000)
 Metaspace       used 100980K, capacity 110260K, committed 110360K, reserved 1144832K
  class space    used 13151K, capacity 14639K, committed 14640K, reserved 1048576K
GC Heap History (10 events):
Event: 4405,095 GC heap after
Heap after GC invocations=40 (full 4):
 PSYoungGen      total 608256K, used 12813K [0x00000000d5580000, 0x00000000ff700000, 0x0000000100000000)
  eden space 530944K, 0% used [0x00000000d5580000,0x00000000d5580000,0x00000000f5c00000)
  from space 77312K, 16% used [0x00000000fab80000,0x00000000fb8034f0,0x00000000ff700000)
  to   space 79360K, 0% used [0x00000000f5c00000,0x00000000f5c00000,0x00000000fa980000)
 ParOldGen       total 296448K, used 212686K [0x0000000080000000, 0x0000000092180000, 0x00000000d5580000)
  object space 296448K, 71% used [0x0000000080000000,0x000000008cfb3b08,0x0000000092180000)
 Metaspace       used 99231K, capacity 108184K, committed 108440K, reserved 1142784K
  class space    used 12997K, capacity 14429K, committed 14512K, reserved 1048576K
}
Event: 4405,610 GC heap before
{Heap before GC invocations=41 (full 4):
 PSYoungGen      total 608256K, used 543227K [0x00000000d5580000, 0x00000000ff700000, 0x0000000100000000)
  eden space 530944K, 99% used [0x00000000d5580000,0x00000000f5b7b730,0x00000000f5c00000)
  from space 77312K, 16% used [0x00000000fab80000,0x00000000fb8034f0,0x00000000ff700000)
  to   space 79360K, 0% used [0x00000000f5c00000,0x00000000f5c00000,0x00000000fa980000)
 ParOldGen       total 296448K, used 212686K [0x0000000080000000, 0x0000000092180000, 0x00000000d5580000)
  object space 296448K, 71% used [0x0000000080000000,0x000000008cfb3b08,0x0000000092180000)
 Metaspace       used 99273K, capacity 108316K, committed 108440K, reserved 1142784K
  class space    used 12997K, capacity 14429K, committed 14512K, reserved 1048576K
Event: 4405,617 GC heap after
Heap after GC invocations=41 (full 4):
 PSYoungGen      total 610304K, used 25450K [0x00000000d5580000, 0x00000000ff800000, 0x0000000100000000)
  eden space 530944K, 0% used [0x00000000d5580000,0x00000000d5580000,0x00000000f5c00000)
  from space 79360K, 32% used [0x00000000f5c00000,0x00000000f74dab08,0x00000000fa980000)
  to   space 74240K, 0% used [0x00000000faf80000,0x00000000faf80000,0x00000000ff800000)
 ParOldGen       total 296448K, used 212694K [0x0000000080000000, 0x0000000092180000, 0x00000000d5580000)
  object space 296448K, 71% used [0x0000000080000000,0x000000008cfb5b08,0x0000000092180000)
 Metaspace       used 99273K, capacity 108316K, committed 108440K, reserved 1142784K
  class space    used 12997K, capacity 14429K, committed 14512K, reserved 1048576K
}
Event: 4406,521 GC heap before
{Heap before GC invocations=42 (full 4):
 PSYoungGen      total 610304K, used 556394K [0x00000000d5580000, 0x00000000ff800000, 0x0000000100000000)
  eden space 530944K, 100% used [0x00000000d5580000,0x00000000f5c00000,0x00000000f5c00000)
  from space 79360K, 32% used [0x00000000f5c00000,0x00000000f74dab08,0x00000000fa980000)
  to   space 74240K, 0% used [0x00000000faf80000,0x00000000faf80000,0x00000000ff800000)
 ParOldGen       total 296448K, used 212694K [0x0000000080000000, 0x0000000092180000, 0x00000000d5580000)
  object space 296448K, 71% used [0x0000000080000000,0x000000008cfb5b08,0x0000000092180000)
 Metaspace       used 100659K, capacity 109838K, committed 110104K, reserved 1144832K
  class space    used 13130K, capacity 14576K, committed 14640K, reserved 1048576K
Event: 4406,565 GC heap after
Heap after GC invocations=42 (full 4):
 PSYoungGen      total 569344K, used 74212K [0x00000000d5580000, 0x0000000100000000, 0x0000000100000000)
  eden space 495104K, 0% used [0x00000000d5580000,0x00000000d5580000,0x00000000f3900000)
  from space 74240K, 99% used [0x00000000faf80000,0x00000000ff7f91b0,0x00000000ff800000)
  to   space 101888K, 0% used [0x00000000f3900000,0x00000000f3900000,0x00000000f9c80000)
 ParOldGen       total 296448K, used 251484K [0x0000000080000000, 0x0000000092180000, 0x00000000d5580000)
  object space 296448K, 84% used [0x0000000080000000,0x000000008f597080,0x0000000092180000)
 Metaspace       used 100659K, capacity 109838K, committed 110104K, reserved 1144832K
  class space    used 13130K, capacity 14576K, committed 14640K, reserved 1048576K
}
Event: 4410,481 GC heap before
{Heap before GC invocations=43 (full 4):
 PSYoungGen      total 569344K, used 569316K [0x00000000d5580000, 0x0000000100000000, 0x0000000100000000)
  eden space 495104K, 100% used [0x00000000d5580000,0x00000000f3900000,0x00000000f3900000)
  from space 74240K, 99% used [0x00000000faf80000,0x00000000ff7f91b0,0x00000000ff800000)
  to   space 101888K, 0% used [0x00000000f3900000,0x00000000f3900000,0x00000000f9c80000)
 ParOldGen       total 296448K, used 251484K [0x0000000080000000, 0x0000000092180000, 0x00000000d5580000)
  object space 296448K, 84% used [0x0000000080000000,0x000000008f597080,0x0000000092180000)
 Metaspace       used 100873K, capacity 110100K, committed 110360K, reserved 1144832K
  class space    used 13141K, capacity 14623K, committed 14640K, reserved 1048576K
Event: 4410,513 GC heap after
Heap after GC invocations=43 (full 4):
 PSYoungGen      total 586752K, used 91292K [0x00000000d5580000, 0x0000000100000000, 0x0000000100000000)
  eden space 495104K, 0% used [0x00000000d5580000,0x00000000d5580000,0x00000000f3900000)
  from space 91648K, 99% used [0x00000000f3900000,0x00000000f92271a8,0x00000000f9280000)
  to   space 112128K, 0% used [0x00000000f9280000,0x00000000f9280000,0x0000000100000000)
 ParOldGen       total 296448K, used 253988K [0x0000000080000000, 0x0000000092180000, 0x00000000d5580000)
  object space 296448K, 85% used [0x0000000080000000,0x000000008f8093c8,0x0000000092180000)
 Metaspace       used 100873K, capacity 110100K, committed 110360K, reserved 1144832K
  class space    used 13141K, capacity 14623K, committed 14640K, reserved 1048576K
}
Event: 4411,197 GC heap before
{Heap before GC invocations=44 (full 4):
 PSYoungGen      total 586752K, used 586396K [0x00000000d5580000, 0x0000000100000000, 0x0000000100000000)
  eden space 495104K, 100% used [0x00000000d5580000,0x00000000f3900000,0x00000000f3900000)
  from space 91648K, 99% used [0x00000000f3900000,0x00000000f92271a8,0x00000000f9280000)
  to   space 112128K, 0% used [0x00000000f9280000,0x00000000f9280000,0x0000000100000000)
 ParOldGen       total 296448K, used 253988K [0x0000000080000000, 0x0000000092180000, 0x00000000d5580000)
  object space 296448K, 85% used [0x0000000080000000,0x000000008f8093c8,0x0000000092180000)
 Metaspace       used 100980K, capacity 110260K, committed 110360K, reserved 1144832K
  class space    used 13151K, capacity 14639K, committed 14640K, reserved 1048576K
Event: 4411,260 GC heap after
Heap after GC invocations=44 (full 4):
 PSYoungGen      total 515072K, used 112115K [0x00000000d5580000, 0x0000000100000000, 0x0000000100000000)
  eden space 402944K, 0% used [0x00000000d5580000,0x00000000d5580000,0x00000000edf00000)
  from space 112128K, 99% used [0x00000000f9280000,0x00000000ffffcdf8,0x0000000100000000)
  to   space 147968K, 0% used [0x00000000edf00000,0x00000000edf00000,0x00000000f6f80000)
 ParOldGen       total 296448K, used 286649K [0x0000000080000000, 0x0000000092180000, 0x00000000d5580000)
  object space 296448K, 96% used [0x0000000080000000,0x00000000917ee790,0x0000000092180000)
 Metaspace       used 100980K, capacity 110260K, committed 110360K, reserved 1144832K
  class space    used 13151K, capacity 14639K, committed 14640K, reserved 1048576K
}
Event: 4411,260 GC heap before
{Heap before GC invocations=45 (full 5):
 PSYoungGen      total 515072K, used 112115K [0x00000000d5580000, 0x0000000100000000, 0x0000000100000000)
  eden space 402944K, 0% used [0x00000000d5580000,0x00000000d5580000,0x00000000edf00000)
  from space 112128K, 99% used [0x00000000f9280000,0x00000000ffffcdf8,0x0000000100000000)
  to   space 147968K, 0% used [0x00000000edf00000,0x00000000edf00000,0x00000000f6f80000)
 ParOldGen       total 296448K, used 286649K [0x0000000080000000, 0x0000000092180000, 0x00000000d5580000)
  object space 296448K, 96% used [0x0000000080000000,0x00000000917ee790,0x0000000092180000)
 Metaspace       used 100980K, capacity 110260K, committed 110360K, reserved 1144832K
  class space    used 13151K, capacity 14639K, committed 14640K, reserved 1048576K

