# JRE version: OpenJDK Runtime Environment (8.0_242) (build 1.8.0_242-release-1644-b3-6222593)
# Java VM: OpenJDK 64-Bit Server VM (25.242-b3-6222593 mixed mode linux-amd64 compressed oops)
Heap:
 PSYoungGen      total 638976K, used 603376K [0x00000000d5580000, 0x0000000100000000, 0x0000000100000000)
  eden space 576512K, 99% used [0x00000000d5580000,0x00000000f884cae8,0x00000000f8880000)
  from space 62464K, 43% used [0x00000000fc300000,0x00000000fdd6f5a0,0x0000000100000000)
  to   space 59904K, 40% used [0x00000000f8880000,0x00000000fa070f98,0x00000000fc300000)
 ParOldGen       total 317440K, used 149926K [0x0000000080000000, 0x0000000093600000, 0x00000000d5580000)
  object space 317440K, 47% used [0x0000000080000000,0x0000000089269958,0x0000000093600000)
 Metaspace       used 157425K, capacity 168178K, committed 172568K, reserved 1198080K
  class space    used 19523K, capacity 21332K, committed 23088K, reserved 1048576K
GC Heap History (10 events):
Event: 44092,537 GC heap after
Heap after GC invocations=139 (full 16):
 PSYoungGen      total 583168K, used 23092K [0x00000000d5580000, 0x00000000fb000000, 0x0000000100000000)
  eden space 553472K, 0% used [0x00000000d5580000,0x00000000d5580000,0x00000000f7200000)
  from space 29696K, 77% used [0x00000000f7200000,0x00000000f888d260,0x00000000f8f00000)
  to   space 31744K, 0% used [0x00000000f9100000,0x00000000f9100000,0x00000000fb000000)
 ParOldGen       total 317440K, used 76965K [0x0000000080000000, 0x0000000093600000, 0x00000000d5580000)
  object space 317440K, 24% used [0x0000000080000000,0x0000000084b29580,0x0000000093600000)
 Metaspace       used 159736K, capacity 170588K, committed 172568K, reserved 1198080K
  class space    used 19903K, capacity 21761K, committed 23088K, reserved 1048576K
}
Event: 44092,537 GC heap before
{Heap before GC invocations=140 (full 17):
 PSYoungGen      total 583168K, used 23092K [0x00000000d5580000, 0x00000000fb000000, 0x0000000100000000)
  eden space 553472K, 0% used [0x00000000d5580000,0x00000000d5580000,0x00000000f7200000)
  from space 29696K, 77% used [0x00000000f7200000,0x00000000f888d260,0x00000000f8f00000)
  to   space 31744K, 0% used [0x00000000f9100000,0x00000000f9100000,0x00000000fb000000)
 ParOldGen       total 317440K, used 76965K [0x0000000080000000, 0x0000000093600000, 0x00000000d5580000)
  object space 317440K, 24% used [0x0000000080000000,0x0000000084b29580,0x0000000093600000)
 Metaspace       used 159736K, capacity 170588K, committed 172568K, reserved 1198080K
  class space    used 19903K, capacity 21761K, committed 23088K, reserved 1048576K
Event: 44092,934 GC heap after
Heap after GC invocations=140 (full 17):
 PSYoungGen      total 583168K, used 0K [0x00000000d5580000, 0x00000000fb000000, 0x0000000100000000)
  eden space 553472K, 0% used [0x00000000d5580000,0x00000000d5580000,0x00000000f7200000)
  from space 29696K, 0% used [0x00000000f7200000,0x00000000f7200000,0x00000000f8f00000)
  to   space 31744K, 0% used [0x00000000f9100000,0x00000000f9100000,0x00000000fb000000)
 ParOldGen       total 317440K, used 83581K [0x0000000080000000, 0x0000000093600000, 0x00000000d5580000)
  object space 317440K, 26% used [0x0000000080000000,0x000000008519f730,0x0000000093600000)
 Metaspace       used 156957K, capacity 167508K, committed 172568K, reserved 1198080K
  class space    used 19492K, capacity 21275K, committed 23088K, reserved 1048576K
}
Event: 44205,238 GC heap before
{Heap before GC invocations=141 (full 17):
 PSYoungGen      total 583168K, used 553472K [0x00000000d5580000, 0x00000000fb000000, 0x0000000100000000)
  eden space 553472K, 100% used [0x00000000d5580000,0x00000000f7200000,0x00000000f7200000)
  from space 29696K, 0% used [0x00000000f7200000,0x00000000f7200000,0x00000000f8f00000)
  to   space 31744K, 0% used [0x00000000f9100000,0x00000000f9100000,0x00000000fb000000)
 ParOldGen       total 317440K, used 83581K [0x0000000080000000, 0x0000000093600000, 0x00000000d5580000)
  object space 317440K, 26% used [0x0000000080000000,0x000000008519f730,0x0000000093600000)
 Metaspace       used 157072K, capacity 167736K, committed 172568K, reserved 1198080K
  class space    used 19500K, capacity 21291K, committed 23088K, reserved 1048576K
Event: 44205,248 GC heap after
Heap after GC invocations=141 (full 17):
 PSYoungGen      total 583680K, used 23630K [0x00000000d5580000, 0x00000000fb380000, 0x0000000100000000)
  eden space 551936K, 0% used [0x00000000d5580000,0x00000000d5580000,0x00000000f7080000)
  from space 31744K, 74% used [0x00000000f9100000,0x00000000fa813af0,0x00000000fb000000)
  to   space 33280K, 0% used [0x00000000f7080000,0x00000000f7080000,0x00000000f9100000)
 ParOldGen       total 317440K, used 83589K [0x0000000080000000, 0x0000000093600000, 0x00000000d5580000)
  object space 317440K, 26% used [0x0000000080000000,0x00000000851a1730,0x0000000093600000)
 Metaspace       used 157072K, capacity 167736K, committed 172568K, reserved 1198080K
  class space    used 19500K, capacity 21291K, committed 23088K, reserved 1048576K
}
Event: 44205,862 GC heap before
{Heap before GC invocations=142 (full 17):
 PSYoungGen      total 583680K, used 575566K [0x00000000d5580000, 0x00000000fb380000, 0x0000000100000000)
  eden space 551936K, 100% used [0x00000000d5580000,0x00000000f7080000,0x00000000f7080000)
  from space 31744K, 74% used [0x00000000f9100000,0x00000000fa813af0,0x00000000fb000000)
  to   space 33280K, 0% used [0x00000000f7080000,0x00000000f7080000,0x00000000f9100000)
 ParOldGen       total 317440K, used 83589K [0x0000000080000000, 0x0000000093600000, 0x00000000d5580000)
  object space 317440K, 26% used [0x0000000080000000,0x00000000851a1730,0x0000000093600000)
 Metaspace       used 157109K, capacity 167746K, committed 172568K, reserved 1198080K
  class space    used 19501K, capacity 21292K, committed 23088K, reserved 1048576K
Event: 44205,902 GC heap after
Heap after GC invocations=142 (full 17):
 PSYoungGen      total 585216K, used 33257K [0x00000000d5580000, 0x0000000100000000, 0x0000000100000000)
  eden space 551936K, 0% used [0x00000000d5580000,0x00000000d5580000,0x00000000f7080000)
  from space 33280K, 99% used [0x00000000f7080000,0x00000000f90fa750,0x00000000f9100000)
  to   space 62464K, 0% used [0x00000000fc300000,0x00000000fc300000,0x0000000100000000)
 ParOldGen       total 317440K, used 149926K [0x0000000080000000, 0x0000000093600000, 0x00000000d5580000)
  object space 317440K, 47% used [0x0000000080000000,0x0000000089269958,0x0000000093600000)
 Metaspace       used 157109K, capacity 167746K, committed 172568K, reserved 1198080K
  class space    used 19501K, capacity 21292K, committed 23088K, reserved 1048576K
}
Event: 44583,866 GC heap before
{Heap before GC invocations=143 (full 17):
 PSYoungGen      total 585216K, used 585193K [0x00000000d5580000, 0x0000000100000000, 0x0000000100000000)
  eden space 551936K, 100% used [0x00000000d5580000,0x00000000f7080000,0x00000000f7080000)
  from space 33280K, 99% used [0x00000000f7080000,0x00000000f90fa750,0x00000000f9100000)
  to   space 62464K, 0% used [0x00000000fc300000,0x00000000fc300000,0x0000000100000000)
 ParOldGen       total 317440K, used 149926K [0x0000000080000000, 0x0000000093600000, 0x00000000d5580000)
  object space 317440K, 47% used [0x0000000080000000,0x0000000089269958,0x0000000093600000)
 Metaspace       used 157374K, capacity 168054K, committed 172568K, reserved 1198080K
  class space    used 19517K, capacity 21322K, committed 23088K, reserved 1048576K
Event: 44583,891 GC heap after
Heap after GC invocations=143 (full 17):
 PSYoungGen      total 638976K, used 27069K [0x00000000d5580000, 0x0000000100000000, 0x0000000100000000)
  eden space 576512K, 0% used [0x00000000d5580000,0x00000000d5580000,0x00000000f8880000)
  from space 62464K, 43% used [0x00000000fc300000,0x00000000fdd6f5a0,0x0000000100000000)
  to   space 59904K, 0% used [0x00000000f8880000,0x00000000f8880000,0x00000000fc300000)
 ParOldGen       total 317440K, used 149926K [0x0000000080000000, 0x0000000093600000, 0x00000000d5580000)
  object space 317440K, 47% used [0x0000000080000000,0x0000000089269958,0x0000000093600000)
 Metaspace       used 157374K, capacity 168054K, committed 172568K, reserved 1198080K
  class space    used 19517K, capacity 21322K, committed 23088K, reserved 1048576K
}
Event: 44807,203 GC heap before
{Heap before GC invocations=144 (full 17):
 PSYoungGen      total 638976K, used 603376K [0x00000000d5580000, 0x0000000100000000, 0x0000000100000000)
  eden space 576512K, 99% used [0x00000000d5580000,0x00000000f884cae8,0x00000000f8880000)
  from space 62464K, 43% used [0x00000000fc300000,0x00000000fdd6f5a0,0x0000000100000000)
  to   space 59904K, 0% used [0x00000000f8880000,0x00000000f8880000,0x00000000fc300000)
 ParOldGen       total 317440K, used 149926K [0x0000000080000000, 0x0000000093600000, 0x00000000d5580000)
  object space 317440K, 47% used [0x0000000080000000,0x0000000089269958,0x0000000093600000)
 Metaspace       used 157425K, capacity 168178K, committed 172568K, reserved 1198080K
  class space    used 19523K, capacity 21332K, committed 23088K, reserved 1048576K

