# JRE version: OpenJDK Runtime Environment (8.0_242) (build 1.8.0_242-release-1644-b3-6222593)
# Java VM: OpenJDK 64-Bit Server VM (25.242-b3-6222593 mixed mode linux-amd64 compressed oops)
Heap:
 PSYoungGen      total 629248K, used 598776K [0x00000000d5580000, 0x00000000ff900000, 0x0000000100000000)
  eden space 570880K, 100% used [0x00000000d5580000,0x00000000f8300000,0x00000000f8300000)
  from space 58368K, 47% used [0x00000000fc000000,0x00000000fdb3e2f0,0x00000000ff900000)
  to   space 60416K, 28% used [0x00000000f8300000,0x00000000f93d33b0,0x00000000fbe00000)
 ParOldGen       total 412672K, used 193626K [0x0000000080000000, 0x0000000099300000, 0x00000000d5580000)
  object space 412672K, 46% used [0x0000000080000000,0x000000008bd168c8,0x0000000099300000)
 Metaspace       used 114708K, capacity 122584K, committed 122776K, reserved 1155072K
  class space    used 15057K, capacity 16450K, committed 16552K, reserved 1048576K
GC Heap History (10 events):
Event: 2531,481 GC heap after
Heap after GC invocations=24 (full 4):
 PSYoungGen      total 612864K, used 33924K [0x00000000d5580000, 0x00000000ff600000, 0x0000000100000000)
  eden space 551424K, 0% used [0x00000000d5580000,0x00000000d5580000,0x00000000f7000000)
  from space 61440K, 55% used [0x00000000fba00000,0x00000000fdb21058,0x00000000ff600000)
  to   space 68608K, 0% used [0x00000000f7000000,0x00000000f7000000,0x00000000fb300000)
 ParOldGen       total 412672K, used 155917K [0x0000000080000000, 0x0000000099300000, 0x00000000d5580000)
  object space 412672K, 37% used [0x0000000080000000,0x0000000089843628,0x0000000099300000)
 Metaspace       used 114474K, capacity 122416K, committed 122520K, reserved 1155072K
  class space    used 15055K, capacity 16448K, committed 16552K, reserved 1048576K
}
Event: 2531,814 GC heap before
{Heap before GC invocations=25 (full 4):
 PSYoungGen      total 612864K, used 585348K [0x00000000d5580000, 0x00000000ff600000, 0x0000000100000000)
  eden space 551424K, 100% used [0x00000000d5580000,0x00000000f7000000,0x00000000f7000000)
  from space 61440K, 55% used [0x00000000fba00000,0x00000000fdb21058,0x00000000ff600000)
  to   space 68608K, 0% used [0x00000000f7000000,0x00000000f7000000,0x00000000fb300000)
 ParOldGen       total 412672K, used 155917K [0x0000000080000000, 0x0000000099300000, 0x00000000d5580000)
  object space 412672K, 37% used [0x0000000080000000,0x0000000089843628,0x0000000099300000)
 Metaspace       used 114523K, capacity 122428K, committed 122776K, reserved 1155072K
  class space    used 15055K, capacity 16448K, committed 16552K, reserved 1048576K
Event: 2531,829 GC heap after
Heap after GC invocations=25 (full 4):
 PSYoungGen      total 620032K, used 33448K [0x00000000d5580000, 0x0000000100000000, 0x0000000100000000)
  eden space 551424K, 0% used [0x00000000d5580000,0x00000000d5580000,0x00000000f7000000)
  from space 68608K, 48% used [0x00000000f7000000,0x00000000f90aa018,0x00000000fb300000)
  to   space 65536K, 0% used [0x00000000fc000000,0x00000000fc000000,0x0000000100000000)
 ParOldGen       total 412672K, used 160299K [0x0000000080000000, 0x0000000099300000, 0x00000000d5580000)
  object space 412672K, 38% used [0x0000000080000000,0x0000000089c8ace8,0x0000000099300000)
 Metaspace       used 114523K, capacity 122428K, committed 122776K, reserved 1155072K
  class space    used 15055K, capacity 16448K, committed 16552K, reserved 1048576K
}
Event: 2532,126 GC heap before
{Heap before GC invocations=26 (full 4):
 PSYoungGen      total 620032K, used 584872K [0x00000000d5580000, 0x0000000100000000, 0x0000000100000000)
  eden space 551424K, 100% used [0x00000000d5580000,0x00000000f7000000,0x00000000f7000000)
  from space 68608K, 48% used [0x00000000f7000000,0x00000000f90aa018,0x00000000fb300000)
  to   space 65536K, 0% used [0x00000000fc000000,0x00000000fc000000,0x0000000100000000)
 ParOldGen       total 412672K, used 160299K [0x0000000080000000, 0x0000000099300000, 0x00000000d5580000)
  object space 412672K, 38% used [0x0000000080000000,0x0000000089c8ace8,0x0000000099300000)
 Metaspace       used 114628K, capacity 122510K, committed 122776K, reserved 1155072K
  class space    used 15056K, capacity 16449K, committed 16552K, reserved 1048576K
Event: 2532,143 GC heap after
Heap after GC invocations=26 (full 4):
 PSYoungGen      total 627200K, used 41249K [0x00000000d5580000, 0x00000000ffd00000, 0x0000000100000000)
  eden space 564736K, 0% used [0x00000000d5580000,0x00000000d5580000,0x00000000f7d00000)
  from space 62464K, 66% used [0x00000000fc000000,0x00000000fe848538,0x00000000ffd00000)
  to   space 65536K, 0% used [0x00000000f7d00000,0x00000000f7d00000,0x00000000fbd00000)
 ParOldGen       total 412672K, used 160747K [0x0000000080000000, 0x0000000099300000, 0x00000000d5580000)
  object space 412672K, 38% used [0x0000000080000000,0x0000000089cfad08,0x0000000099300000)
 Metaspace       used 114628K, capacity 122510K, committed 122776K, reserved 1155072K
  class space    used 15056K, capacity 16449K, committed 16552K, reserved 1048576K
}
Event: 2532,430 GC heap before
{Heap before GC invocations=27 (full 4):
 PSYoungGen      total 627200K, used 605985K [0x00000000d5580000, 0x00000000ffd00000, 0x0000000100000000)
  eden space 564736K, 100% used [0x00000000d5580000,0x00000000f7d00000,0x00000000f7d00000)
  from space 62464K, 66% used [0x00000000fc000000,0x00000000fe848538,0x00000000ffd00000)
  to   space 65536K, 0% used [0x00000000f7d00000,0x00000000f7d00000,0x00000000fbd00000)
 ParOldGen       total 412672K, used 160747K [0x0000000080000000, 0x0000000099300000, 0x00000000d5580000)
  object space 412672K, 38% used [0x0000000080000000,0x0000000089cfad08,0x0000000099300000)
 Metaspace       used 114658K, capacity 122578K, committed 122776K, reserved 1155072K
  class space    used 15056K, capacity 16449K, committed 16552K, reserved 1048576K
Event: 2532,446 GC heap after
Heap after GC invocations=27 (full 4):
 PSYoungGen      total 630272K, used 31541K [0x00000000d5580000, 0x00000000ffd00000, 0x0000000100000000)
  eden space 564736K, 0% used [0x00000000d5580000,0x00000000d5580000,0x00000000f7d00000)
  from space 65536K, 48% used [0x00000000f7d00000,0x00000000f9bcd550,0x00000000fbd00000)
  to   space 62464K, 0% used [0x00000000fc000000,0x00000000fc000000,0x00000000ffd00000)
 ParOldGen       total 412672K, used 173138K [0x0000000080000000, 0x0000000099300000, 0x00000000d5580000)
  object space 412672K, 41% used [0x0000000080000000,0x000000008a914978,0x0000000099300000)
 Metaspace       used 114658K, capacity 122578K, committed 122776K, reserved 1155072K
  class space    used 15056K, capacity 16449K, committed 16552K, reserved 1048576K
}
Event: 2532,733 GC heap before
{Heap before GC invocations=28 (full 4):
 PSYoungGen      total 630272K, used 596277K [0x00000000d5580000, 0x00000000ffd00000, 0x0000000100000000)
  eden space 564736K, 100% used [0x00000000d5580000,0x00000000f7d00000,0x00000000f7d00000)
  from space 65536K, 48% used [0x00000000f7d00000,0x00000000f9bcd550,0x00000000fbd00000)
  to   space 62464K, 0% used [0x00000000fc000000,0x00000000fc000000,0x00000000ffd00000)
 ParOldGen       total 412672K, used 173138K [0x0000000080000000, 0x0000000099300000, 0x00000000d5580000)
  object space 412672K, 41% used [0x0000000080000000,0x000000008a914978,0x0000000099300000)
 Metaspace       used 114675K, capacity 122582K, committed 122776K, reserved 1155072K
  class space    used 15056K, capacity 16449K, committed 16552K, reserved 1048576K
Event: 2532,749 GC heap after
Heap after GC invocations=28 (full 4):
 PSYoungGen      total 629248K, used 27896K [0x00000000d5580000, 0x00000000ff900000, 0x0000000100000000)
  eden space 570880K, 0% used [0x00000000d5580000,0x00000000d5580000,0x00000000f8300000)
  from space 58368K, 47% used [0x00000000fc000000,0x00000000fdb3e2f0,0x00000000ff900000)
  to   space 60416K, 0% used [0x00000000f8300000,0x00000000f8300000,0x00000000fbe00000)
 ParOldGen       total 412672K, used 182202K [0x0000000080000000, 0x0000000099300000, 0x00000000d5580000)
  object space 412672K, 44% used [0x0000000080000000,0x000000008b1ee9f0,0x0000000099300000)
 Metaspace       used 114675K, capacity 122582K, committed 122776K, reserved 1155072K
  class space    used 15056K, capacity 16449K, committed 16552K, reserved 1048576K
}
Event: 2533,040 GC heap before
{Heap before GC invocations=29 (full 4):
 PSYoungGen      total 629248K, used 598776K [0x00000000d5580000, 0x00000000ff900000, 0x0000000100000000)
  eden space 570880K, 100% used [0x00000000d5580000,0x00000000f8300000,0x00000000f8300000)
  from space 58368K, 47% used [0x00000000fc000000,0x00000000fdb3e2f0,0x00000000ff900000)
  to   space 60416K, 0% used [0x00000000f8300000,0x00000000f8300000,0x00000000fbe00000)
 ParOldGen       total 412672K, used 182202K [0x0000000080000000, 0x0000000099300000, 0x00000000d5580000)
  object space 412672K, 44% used [0x0000000080000000,0x000000008b1ee9f0,0x0000000099300000)
 Metaspace       used 114708K, capacity 122584K, committed 122776K, reserved 1155072K
  class space    used 15057K, capacity 16450K, committed 16552K, reserved 1048576K

