# JRE version: OpenJDK Runtime Environment (8.0_242) (build 1.8.0_242-release-1644-b3-6222593)
# Java VM: OpenJDK 64-Bit Server VM (25.242-b3-6222593 mixed mode linux-amd64 compressed oops)
Heap:
 PSYoungGen      total 503808K, used 317441K [0x00000000d5580000, 0x00000000fde00000, 0x0000000100000000)
  eden space 428544K, 56% used [0x00000000d5580000,0x00000000e42081e0,0x00000000ef800000)
  from space 75264K, 99% used [0x00000000ef800000,0x00000000f41784e0,0x00000000f4180000)
  to   space 105984K, 0% used [0x00000000f7680000,0x00000000f7680000,0x00000000fde00000)
 ParOldGen       total 528896K, used 122010K [0x0000000080000000, 0x00000000a0480000, 0x00000000d5580000)
  object space 528896K, 23% used [0x0000000080000000,0x0000000087726a98,0x00000000a0480000)
 Metaspace       used 220003K, capacity 234896K, committed 235136K, reserved 1253376K
  class space    used 28519K, capacity 31058K, committed 31104K, reserved 1048576K
GC Heap History (10 events):
Event: 5575,363 GC heap before
{Heap before GC invocations=59 (full 6):
 PSYoungGen      total 523264K, used 484069K [0x00000000d5580000, 0x00000000fa080000, 0x0000000100000000)
  eden space 475136K, 100% used [0x00000000d5580000,0x00000000f2580000,0x00000000f2580000)
  from space 48128K, 18% used [0x00000000f7180000,0x00000000f7a39460,0x00000000fa080000)
  to   space 62976K, 0% used [0x00000000f2580000,0x00000000f2580000,0x00000000f6300000)
 ParOldGen       total 528896K, used 75731K [0x0000000080000000, 0x00000000a0480000, 0x00000000d5580000)
  object space 528896K, 14% used [0x0000000080000000,0x00000000849f4cc0,0x00000000a0480000)
 Metaspace       used 178626K, capacity 189930K, committed 196480K, reserved 1220608K
  class space    used 22982K, capacity 24870K, committed 26240K, reserved 1048576K
Event: 5575,371 GC heap after
Heap after GC invocations=59 (full 6):
 PSYoungGen      total 472576K, used 9525K [0x00000000d5580000, 0x00000000f8f80000, 0x0000000100000000)
  eden space 462848K, 0% used [0x00000000d5580000,0x00000000d5580000,0x00000000f1980000)
  from space 9728K, 97% used [0x00000000f2580000,0x00000000f2ecd4a0,0x00000000f2f00000)
  to   space 60416K, 0% used [0x00000000f5480000,0x00000000f5480000,0x00000000f8f80000)
 ParOldGen       total 528896K, used 75739K [0x0000000080000000, 0x00000000a0480000, 0x00000000d5580000)
  object space 528896K, 14% used [0x0000000080000000,0x00000000849f6cc0,0x00000000a0480000)
 Metaspace       used 178626K, capacity 189930K, committed 196480K, reserved 1220608K
  class space    used 22982K, capacity 24870K, committed 26240K, reserved 1048576K
}
Event: 5759,855 GC heap before
{Heap before GC invocations=60 (full 6):
 PSYoungGen      total 472576K, used 472373K [0x00000000d5580000, 0x00000000f8f80000, 0x0000000100000000)
  eden space 462848K, 100% used [0x00000000d5580000,0x00000000f1980000,0x00000000f1980000)
  from space 9728K, 97% used [0x00000000f2580000,0x00000000f2ecd4a0,0x00000000f2f00000)
  to   space 60416K, 0% used [0x00000000f5480000,0x00000000f5480000,0x00000000f8f80000)
 ParOldGen       total 528896K, used 75739K [0x0000000080000000, 0x00000000a0480000, 0x00000000d5580000)
  object space 528896K, 14% used [0x0000000080000000,0x00000000849f6cc0,0x00000000a0480000)
 Metaspace       used 180233K, capacity 191984K, committed 196480K, reserved 1220608K
  class space    used 23216K, capacity 25151K, committed 26240K, reserved 1048576K
Event: 5759,865 GC heap after
Heap after GC invocations=60 (full 6):
 PSYoungGen      total 494592K, used 10157K [0x00000000d5580000, 0x00000000f7f00000, 0x0000000100000000)
  eden space 451072K, 0% used [0x00000000d5580000,0x00000000d5580000,0x00000000f0e00000)
  from space 43520K, 23% used [0x00000000f5480000,0x00000000f5e6b6e0,0x00000000f7f00000)
  to   space 57856K, 0% used [0x00000000f0e00000,0x00000000f0e00000,0x00000000f4680000)
 ParOldGen       total 528896K, used 75747K [0x0000000080000000, 0x00000000a0480000, 0x00000000d5580000)
  object space 528896K, 14% used [0x0000000080000000,0x00000000849f8cc0,0x00000000a0480000)
 Metaspace       used 180233K, capacity 191984K, committed 196480K, reserved 1220608K
  class space    used 23216K, capacity 25151K, committed 26240K, reserved 1048576K
}
Event: 5762,268 GC heap before
{Heap before GC invocations=61 (full 6):
 PSYoungGen      total 494592K, used 461229K [0x00000000d5580000, 0x00000000f7f00000, 0x0000000100000000)
  eden space 451072K, 100% used [0x00000000d5580000,0x00000000f0e00000,0x00000000f0e00000)
  from space 43520K, 23% used [0x00000000f5480000,0x00000000f5e6b6e0,0x00000000f7f00000)
  to   space 57856K, 0% used [0x00000000f0e00000,0x00000000f0e00000,0x00000000f4680000)
 ParOldGen       total 528896K, used 75747K [0x0000000080000000, 0x00000000a0480000, 0x00000000d5580000)
  object space 528896K, 14% used [0x0000000080000000,0x00000000849f8cc0,0x00000000a0480000)
 Metaspace       used 204090K, capacity 217346K, committed 218880K, reserved 1239040K
  class space    used 26633K, capacity 28909K, committed 29184K, reserved 1048576K
Event: 5762,287 GC heap after
Heap after GC invocations=61 (full 6):
 PSYoungGen      total 493056K, used 52772K [0x00000000d5580000, 0x00000000f8500000, 0x0000000100000000)
  eden space 439808K, 0% used [0x00000000d5580000,0x00000000d5580000,0x00000000f0300000)
  from space 53248K, 99% used [0x00000000f0e00000,0x00000000f4189120,0x00000000f4200000)
  to   space 66560K, 0% used [0x00000000f4400000,0x00000000f4400000,0x00000000f8500000)
 ParOldGen       total 528896K, used 75755K [0x0000000080000000, 0x00000000a0480000, 0x00000000d5580000)
  object space 528896K, 14% used [0x0000000080000000,0x00000000849facc0,0x00000000a0480000)
 Metaspace       used 204090K, capacity 217346K, committed 218880K, reserved 1239040K
  class space    used 26633K, capacity 28909K, committed 29184K, reserved 1048576K
}
Event: 5766,378 GC heap before
{Heap before GC invocations=62 (full 6):
 PSYoungGen      total 493056K, used 492580K [0x00000000d5580000, 0x00000000f8500000, 0x0000000100000000)
  eden space 439808K, 100% used [0x00000000d5580000,0x00000000f0300000,0x00000000f0300000)
  from space 53248K, 99% used [0x00000000f0e00000,0x00000000f4189120,0x00000000f4200000)
  to   space 66560K, 0% used [0x00000000f4400000,0x00000000f4400000,0x00000000f8500000)
 ParOldGen       total 528896K, used 75755K [0x0000000080000000, 0x00000000a0480000, 0x00000000d5580000)
  object space 528896K, 14% used [0x0000000080000000,0x00000000849facc0,0x00000000a0480000)
 Metaspace       used 217388K, capacity 231922K, committed 232064K, reserved 1251328K
  class space    used 28270K, capacity 30737K, committed 30848K, reserved 1048576K
Event: 5766,399 GC heap after
Heap after GC invocations=62 (full 6):
 PSYoungGen      total 495104K, used 57336K [0x00000000d5580000, 0x00000000f8b00000, 0x0000000100000000)
  eden space 428544K, 0% used [0x00000000d5580000,0x00000000d5580000,0x00000000ef800000)
  from space 66560K, 86% used [0x00000000f4400000,0x00000000f7bfe338,0x00000000f8500000)
  to   space 75264K, 0% used [0x00000000ef800000,0x00000000ef800000,0x00000000f4180000)
 ParOldGen       total 528896K, used 75763K [0x0000000080000000, 0x00000000a0480000, 0x00000000d5580000)
  object space 528896K, 14% used [0x0000000080000000,0x00000000849fccc0,0x00000000a0480000)
 Metaspace       used 217388K, capacity 231922K, committed 232064K, reserved 1251328K
  class space    used 28270K, capacity 30737K, committed 30848K, reserved 1048576K
}
Event: 5767,612 GC heap before
{Heap before GC invocations=63 (full 6):
 PSYoungGen      total 495104K, used 485880K [0x00000000d5580000, 0x00000000f8b00000, 0x0000000100000000)
  eden space 428544K, 100% used [0x00000000d5580000,0x00000000ef800000,0x00000000ef800000)
  from space 66560K, 86% used [0x00000000f4400000,0x00000000f7bfe338,0x00000000f8500000)
  to   space 75264K, 0% used [0x00000000ef800000,0x00000000ef800000,0x00000000f4180000)
 ParOldGen       total 528896K, used 75763K [0x0000000080000000, 0x00000000a0480000, 0x00000000d5580000)
  object space 528896K, 14% used [0x0000000080000000,0x00000000849fccc0,0x00000000a0480000)
 Metaspace       used 218884K, capacity 233678K, committed 233984K, reserved 1253376K
  class space    used 28383K, capacity 30909K, committed 30976K, reserved 1048576K
Event: 5767,653 GC heap after
Heap after GC invocations=63 (full 6):
 PSYoungGen      total 503808K, used 75233K [0x00000000d5580000, 0x00000000fde00000, 0x0000000100000000)
  eden space 428544K, 0% used [0x00000000d5580000,0x00000000d5580000,0x00000000ef800000)
  from space 75264K, 99% used [0x00000000ef800000,0x00000000f41784e0,0x00000000f4180000)
  to   space 105984K, 0% used [0x00000000f7680000,0x00000000f7680000,0x00000000fde00000)
 ParOldGen       total 528896K, used 122010K [0x0000000080000000, 0x00000000a0480000, 0x00000000d5580000)
  object space 528896K, 23% used [0x0000000080000000,0x0000000087726a98,0x00000000a0480000)
 Metaspace       used 218884K, capacity 233678K, committed 233984K, reserved 1253376K
  class space    used 28383K, capacity 30909K, committed 30976K, reserved 1048576K
}

